[0204/215328.541:ERROR:process_reader_win.cc(123)] NtOpenThread: {Access Denied} A process has requested access to an object, but has not been granted those access rights. (0xc0000022)
[0204/215328.543:ERROR:exception_snapshot_win.cc(98)] thread ID 85328 not found in process
[0204/222320.990:ERROR:process_reader_win.cc(123)] NtOpenThread: {Access Denied} A process has requested access to an object, but has not been granted those access rights. (0xc0000022)
[0204/222320.991:ERROR:exception_snapshot_win.cc(98)] thread ID 43124 not found in process
[0204/223441.457:ERROR:process_reader_win.cc(123)] NtOpenThread: {Access Denied} A process has requested access to an object, but has not been granted those access rights. (0xc0000022)
[0204/223441.460:ERROR:exception_snapshot_win.cc(98)] thread ID 56764 not found in process
[0204/224400.222:ERROR:process_reader_win.cc(123)] NtOpenThread: {Access Denied} A process has requested access to an object, but has not been granted those access rights. (0xc0000022)
[0204/224400.224:ERROR:exception_snapshot_win.cc(98)] thread ID 32588 not found in process
[0204/230152.983:ERROR:process_reader_win.cc(123)] NtOpenThread: {Access Denied} A process has requested access to an object, but has not been granted those access rights. (0xc0000022)
[0204/230152.989:ERROR:exception_snapshot_win.cc(98)] thread ID 37688 not found in process
[0204/230613.532:ERROR:process_reader_win.cc(123)] NtOpenThread: {Access Denied} A process has requested access to an object, but has not been granted those access rights. (0xc0000022)
[0204/230613.533:ERROR:exception_snapshot_win.cc(98)] thread ID 87876 not found in process
[0204/231359.830:ERROR:process_reader_win.cc(123)] NtOpenThread: {Access Denied} A process has requested access to an object, but has not been granted those access rights. (0xc0000022)
[0204/231359.841:ERROR:exception_snapshot_win.cc(98)] thread ID 68236 not found in process
[0206/000615.270:ERROR:process_reader_win.cc(123)] NtOpenThread: {Access Denied} A process has requested access to an object, but has not been granted those access rights. (0xc0000022)
[0206/000615.273:ERROR:exception_snapshot_win.cc(98)] thread ID 84616 not found in process
[0207/023613.443:ERROR:process_reader_win.cc(123)] NtOpenThread: {Access Denied} A process has requested access to an object, but has not been granted those access rights. (0xc0000022)
[0207/023613.448:ERROR:exception_snapshot_win.cc(98)] thread ID 56740 not found in process
[0207/024439.875:ERROR:process_reader_win.cc(123)] NtOpenThread: {Access Denied} A process has requested access to an object, but has not been granted those access rights. (0xc0000022)
[0207/024439.876:ERROR:exception_snapshot_win.cc(98)] thread ID 10648 not found in process
[0207/025025.814:ERROR:process_reader_win.cc(123)] NtOpenThread: {Access Denied} A process has requested access to an object, but has not been granted those access rights. (0xc0000022)
[0207/025025.815:ERROR:exception_snapshot_win.cc(98)] thread ID 29120 not found in process
[0207/030540.723:ERROR:process_reader_win.cc(123)] NtOpenThread: {Access Denied} A process has requested access to an object, but has not been granted those access rights. (0xc0000022)
[0207/030540.724:ERROR:exception_snapshot_win.cc(98)] thread ID 75996 not found in process
[0213/222813.380:ERROR:process_reader_win.cc(108)] process 43300 not found
[0213/222813.381:ERROR:exception_snapshot_win.cc(98)] thread ID 40720 not found in process
[0213/222813.382:ERROR:scoped_process_suspend.cc(40)] NtResumeProcess: An attempt was made to access an exiting process. (0xc000010a)
[0213/222904.650:ERROR:process_reader_win.cc(108)] process 68800 not found
[0213/222904.651:ERROR:exception_snapshot_win.cc(98)] thread ID 49108 not found in process
[0213/222904.652:ERROR:scoped_process_suspend.cc(40)] NtResumeProcess: An attempt was made to access an exiting process. (0xc000010a)
[0213/223458.748:ERROR:process_reader_win.cc(123)] NtOpenThread: {Access Denied} A process has requested access to an object, but has not been granted those access rights. (0xc0000022)
[0213/223458.748:ERROR:process_reader_win.cc(123)] NtOpenThread: {Access Denied} A process has requested access to an object, but has not been granted those access rights. (0xc0000022)
[0213/223458.750:ERROR:exception_snapshot_win.cc(98)] thread ID 39692 not found in process
[0213/223458.750:ERROR:exception_snapshot_win.cc(98)] thread ID 61816 not found in process
[0213/232049.945:ERROR:process_reader_win.cc(108)] process 57644 not found
[0213/232049.945:ERROR:exception_snapshot_win.cc(98)] thread ID 29564 not found in process
[0213/232049.945:ERROR:scoped_process_suspend.cc(40)] NtResumeProcess: An attempt was made to access an exiting process. (0xc000010a)
[0213/232303.481:ERROR:process_reader_win.cc(108)] process 15840 not found
[0213/232303.482:ERROR:exception_snapshot_win.cc(98)] thread ID 13556 not found in process
[0213/232303.482:ERROR:scoped_process_suspend.cc(40)] NtResumeProcess: An attempt was made to access an exiting process. (0xc000010a)
[0213/232732.188:ERROR:process_reader_win.cc(123)] NtOpenThread: {Access Denied} A process has requested access to an object, but has not been granted those access rights. (0xc0000022)
[0213/232732.189:ERROR:exception_snapshot_win.cc(98)] thread ID 33680 not found in process
[0213/232733.546:ERROR:process_reader_win.cc(123)] NtOpenThread: {Access Denied} A process has requested access to an object, but has not been granted those access rights. (0xc0000022)
[0213/232733.546:ERROR:exception_snapshot_win.cc(98)] thread ID 63920 not found in process
[0213/232735.051:ERROR:process_reader_win.cc(123)] NtOpenThread: {Access Denied} A process has requested access to an object, but has not been granted those access rights. (0xc0000022)
[0213/232735.051:ERROR:exception_snapshot_win.cc(98)] thread ID 52308 not found in process
[0213/233320.847:ERROR:process_reader_win.cc(108)] process 82080 not found
[0213/233320.848:ERROR:exception_snapshot_win.cc(98)] thread ID 79480 not found in process
[0213/233320.849:ERROR:scoped_process_suspend.cc(40)] NtResumeProcess: An attempt was made to access an exiting process. (0xc000010a)
[0216/110829.457:ERROR:process_reader_win.cc(123)] NtOpenThread: {Access Denied} A process has requested access to an object, but has not been granted those access rights. (0xc0000022)
[0216/110829.469:ERROR:exception_snapshot_win.cc(98)] thread ID 25916 not found in process
[0216/110829.470:ERROR:scoped_process_suspend.cc(40)] NtResumeProcess: An attempt was made to access an exiting process. (0xc000010a)
[0216/113338.631:ERROR:process_info.cc(329)] VirtualQueryEx: Access is denied. (0x5)
[0216/113338.635:ERROR:process_info.cc(556)] ReadMemoryInfo failed
[0216/113338.635:ERROR:process_memory_win.cc(39)] Failed to initialize ProcessInfo.
[0216/113338.636:ERROR:scoped_process_suspend.cc(40)] NtResumeProcess: An attempt was made to access an exiting process. (0xc000010a)
[0216/152337.491:ERROR:process_info.cc(329)] VirtualQueryEx: Access is denied. (0x5)
[0216/152337.491:ERROR:process_info.cc(556)] ReadMemoryInfo failed
[0216/152337.491:ERROR:process_memory_win.cc(39)] Failed to initialize ProcessInfo.
[0216/152337.491:ERROR:scoped_process_suspend.cc(40)] NtResumeProcess: An attempt was made to access an exiting process. (0xc000010a)
[0216/152613.171:ERROR:process_reader_win.cc(123)] NtOpenThread: {Access Denied} A process has requested access to an object, but has not been granted those access rights. (0xc0000022)
[0216/152613.183:ERROR:exception_snapshot_win.cc(98)] thread ID 77304 not found in process
[0216/153553.899:ERROR:process_info.cc(329)] VirtualQueryEx: Access is denied. (0x5)
[0216/153553.903:ERROR:process_info.cc(556)] ReadMemoryInfo failed
[0216/153553.903:ERROR:process_memory_win.cc(39)] Failed to initialize ProcessInfo.
[0216/153553.903:ERROR:scoped_process_suspend.cc(40)] NtResumeProcess: An attempt was made to access an exiting process. (0xc000010a)
[0216/153822.694:ERROR:process_reader_win.cc(123)] NtOpenThread: {Access Denied} A process has requested access to an object, but has not been granted those access rights. (0xc0000022)
[0216/153822.700:ERROR:exception_snapshot_win.cc(98)] thread ID 71564 not found in process
[0216/153822.700:ERROR:scoped_process_suspend.cc(40)] NtResumeProcess: An attempt was made to access an exiting process. (0xc000010a)
[0216/154222.408:ERROR:process_info.cc(329)] VirtualQueryEx: Access is denied. (0x5)
[0216/154222.410:ERROR:process_info.cc(556)] ReadMemoryInfo failed
[0216/154222.410:ERROR:process_memory_win.cc(39)] Failed to initialize ProcessInfo.
[0216/154222.410:ERROR:scoped_process_suspend.cc(40)] NtResumeProcess: An attempt was made to access an exiting process. (0xc000010a)
[0222/130031.857:ERROR:process_reader_win.cc(123)] NtOpenThread: {Access Denied} A process has requested access to an object, but has not been granted those access rights. (0xc0000022)
[0222/130031.870:ERROR:exception_snapshot_win.cc(98)] thread ID 30172 not found in process
[0222/130031.870:ERROR:scoped_process_suspend.cc(40)] NtResumeProcess: An attempt was made to access an exiting process. (0xc000010a)
[0222/132017.644:ERROR:process_reader_win.cc(108)] process 78924 not found
[0222/132017.645:ERROR:exception_snapshot_win.cc(98)] thread ID 10512 not found in process
[0222/132017.645:ERROR:scoped_process_suspend.cc(40)] NtResumeProcess: An attempt was made to access an exiting process. (0xc000010a)
[0222/134058.092:ERROR:process_reader_win.cc(123)] NtOpenThread: {Access Denied} A process has requested access to an object, but has not been granted those access rights. (0xc0000022)
[0222/134058.093:ERROR:exception_snapshot_win.cc(98)] thread ID 60028 not found in process
[0222/143319.123:ERROR:process_reader_win.cc(123)] NtOpenThread: {Access Denied} A process has requested access to an object, but has not been granted those access rights. (0xc0000022)
[0222/143319.125:ERROR:exception_snapshot_win.cc(98)] thread ID 80728 not found in process
[0229/155236.296:ERROR:file_io_win.cc(170)] CreateFile C:\Users\FAIZUD~1\AppData\Local\Temp\scoped_dir37112_1115262495\Crashpad\reports\c4937abd-5912-49f4-a74d-218e75653a03.dmp: The system cannot find the path specified. (0x3)
[0229/155236.299:ERROR:crash_report_exception_handler.cc(97)] PrepareNewCrashReport failed
[0229/155236.928:ERROR:file_io_win.cc(170)] CreateFile C:\Users\FAIZUD~1\AppData\Local\Temp\scoped_dir37112_1115262495\Crashpad\reports\bfeca193-8a9e-40e2-8273-3755261d665e.dmp: The system cannot find the path specified. (0x3)
[0229/155236.928:ERROR:crash_report_exception_handler.cc(97)] PrepareNewCrashReport failed
[0229/155237.601:ERROR:file_io_win.cc(170)] CreateFile C:\Users\FAIZUD~1\AppData\Local\Temp\scoped_dir37112_1115262495\Crashpad\reports\b72d4b6b-e029-4077-a016-443183d9ff04.dmp: The system cannot find the path specified. (0x3)
[0229/155237.601:ERROR:crash_report_exception_handler.cc(97)] PrepareNewCrashReport failed
[0229/155238.279:ERROR:file_io_win.cc(170)] CreateFile C:\Users\FAIZUD~1\AppData\Local\Temp\scoped_dir37112_1115262495\Crashpad\reports\e3c2eb90-783b-46e8-b4eb-32f0a353b4dc.dmp: The system cannot find the path specified. (0x3)
[0229/155238.279:ERROR:crash_report_exception_handler.cc(97)] PrepareNewCrashReport failed
[0229/155238.552:ERROR:file_io_win.cc(170)] CreateFile C:\Users\FAIZUD~1\AppData\Local\Temp\scoped_dir37112_1115262495\Crashpad\reports\348a268c-6072-457a-9cba-22df48c858b3.dmp: The system cannot find the path specified. (0x3)
[0229/155238.552:ERROR:crash_report_exception_handler.cc(97)] PrepareNewCrashReport failed
[0229/155238.825:ERROR:file_io_win.cc(170)] CreateFile C:\Users\FAIZUD~1\AppData\Local\Temp\scoped_dir37112_1115262495\Crashpad\reports\a16f57f1-34a6-411f-be5b-ed0759355ac8.dmp: The system cannot find the path specified. (0x3)
[0229/155238.825:ERROR:crash_report_exception_handler.cc(97)] PrepareNewCrashReport failed
[0229/155240.637:ERROR:file_io_win.cc(170)] CreateFile C:\Users\FAIZUD~1\AppData\Local\Temp\scoped_dir37112_1115262495\Crashpad\reports\9685f001-19b6-4c8b-a2b7-f8a0437bc5fb.dmp: The system cannot find the path specified. (0x3)
[0229/155240.637:ERROR:crash_report_exception_handler.cc(97)] PrepareNewCrashReport failed
[0301/121113.377:ERROR:process_reader_win.cc(123)] NtOpenThread: {Access Denied} A process has requested access to an object, but has not been granted those access rights. (0xc0000022)
[0301/121113.385:ERROR:exception_snapshot_win.cc(98)] thread ID 37548 not found in process
[0301/121113.425:ERROR:process_reader_win.cc(123)] NtOpenThread: {Access Denied} A process has requested access to an object, but has not been granted those access rights. (0xc0000022)
[0301/121113.425:ERROR:exception_snapshot_win.cc(98)] thread ID 12908 not found in process
[0303/204059.613:ERROR:process_reader_win.cc(123)] NtOpenThread: {Access Denied} A process has requested access to an object, but has not been granted those access rights. (0xc0000022)
[0303/204059.616:ERROR:exception_snapshot_win.cc(98)] thread ID 30228 not found in process
[0303/204059.642:ERROR:process_reader_win.cc(123)] NtOpenThread: {Access Denied} A process has requested access to an object, but has not been granted those access rights. (0xc0000022)
[0303/204059.643:ERROR:exception_snapshot_win.cc(98)] thread ID 51844 not found in process
[0303/205152.017:ERROR:process_reader_win.cc(123)] NtOpenThread: {Access Denied} A process has requested access to an object, but has not been granted those access rights. (0xc0000022)
[0303/205152.022:ERROR:exception_snapshot_win.cc(98)] thread ID 39076 not found in process
[0303/205152.047:ERROR:process_reader_win.cc(123)] NtOpenThread: {Access Denied} A process has requested access to an object, but has not been granted those access rights. (0xc0000022)
[0303/205152.048:ERROR:exception_snapshot_win.cc(98)] thread ID 63600 not found in process
[0303/220105.460:ERROR:process_reader_win.cc(123)] NtOpenThread: {Access Denied} A process has requested access to an object, but has not been granted those access rights. (0xc0000022)
[0303/220105.527:ERROR:process_reader_win.cc(123)] NtOpenThread: {Access Denied} A process has requested access to an object, but has not been granted those access rights. (0xc0000022)
[0303/220105.598:ERROR:exception_snapshot_win.cc(98)] thread ID 63412 not found in process
[0303/220105.598:ERROR:exception_snapshot_win.cc(98)] thread ID 51956 not found in process
[0303/220105.527:ERROR:process_reader_win.cc(123)] NtOpenThread: {Access Denied} A process has requested access to an object, but has not been granted those access rights. (0xc0000022)
[0303/220105.625:ERROR:exception_snapshot_win.cc(98)] thread ID 1464 not found in process
[0303/220105.646:ERROR:process_reader_win.cc(123)] NtOpenThread: {Access Denied} A process has requested access to an object, but has not been granted those access rights. (0xc0000022)
[0303/220105.647:ERROR:exception_snapshot_win.cc(98)] thread ID 62592 not found in process
[0303/220105.647:ERROR:process_reader_win.cc(123)] NtOpenThread: {Access Denied} A process has requested access to an object, but has not been granted those access rights. (0xc0000022)
[0303/220105.647:ERROR:exception_snapshot_win.cc(98)] thread ID 72432 not found in process
[0303/220105.646:ERROR:process_reader_win.cc(151)] SuspendThread: Access is denied. (0x5)
[0303/220105.647:ERROR:process_reader_win.cc(151)] SuspendThread: Access is denied. (0x5)
[0303/220105.647:ERROR:process_reader_win.cc(123)] NtOpenThread: {Access Denied} A process has requested access to an object, but has not been granted those access rights. (0xc0000022)
[0303/220105.647:ERROR:exception_snapshot_win.cc(98)] thread ID 8320 not found in process
[0303/220132.241:ERROR:process_reader_win.cc(123)] NtOpenThread: {Access Denied} A process has requested access to an object, but has not been granted those access rights. (0xc0000022)
[0303/220132.243:ERROR:exception_snapshot_win.cc(98)] thread ID 35724 not found in process
[0303/220132.262:ERROR:process_reader_win.cc(123)] NtOpenThread: {Access Denied} A process has requested access to an object, but has not been granted those access rights. (0xc0000022)
[0303/220132.262:ERROR:exception_snapshot_win.cc(98)] thread ID 70212 not found in process
[0303/224301.349:ERROR:process_reader_win.cc(123)] NtOpenThread: {Access Denied} A process has requested access to an object, but has not been granted those access rights. (0xc0000022)
[0303/224301.362:ERROR:exception_snapshot_win.cc(98)] thread ID 65472 not found in process
[0303/224301.416:ERROR:process_reader_win.cc(123)] NtOpenThread: {Access Denied} A process has requested access to an object, but has not been granted those access rights. (0xc0000022)
[0303/224301.416:ERROR:exception_snapshot_win.cc(98)] thread ID 63052 not found in process
[0304/000741.093:ERROR:process_reader_win.cc(123)] NtOpenThread: {Access Denied} A process has requested access to an object, but has not been granted those access rights. (0xc0000022)
[0304/000741.075:ERROR:process_reader_win.cc(123)] NtOpenThread: {Access Denied} A process has requested access to an object, but has not been granted those access rights. (0xc0000022)
[0304/000741.113:ERROR:exception_snapshot_win.cc(98)] thread ID 49400 not found in process
[0304/000741.115:ERROR:exception_snapshot_win.cc(98)] thread ID 78416 not found in process
[0304/000741.122:ERROR:process_reader_win.cc(123)] NtOpenThread: {Access Denied} A process has requested access to an object, but has not been granted those access rights. (0xc0000022)
[0304/000741.122:ERROR:exception_snapshot_win.cc(98)] thread ID 88988 not found in process
[0304/000741.184:ERROR:process_reader_win.cc(123)] NtOpenThread: {Access Denied} A process has requested access to an object, but has not been granted those access rights. (0xc0000022)
[0304/000741.203:ERROR:exception_snapshot_win.cc(98)] thread ID 59756 not found in process
[0304/000741.273:ERROR:process_reader_win.cc(123)] NtOpenThread: {Access Denied} A process has requested access to an object, but has not been granted those access rights. (0xc0000022)
[0304/000741.273:ERROR:exception_snapshot_win.cc(98)] thread ID 80444 not found in process
[0305/223230.739:ERROR:process_reader_win.cc(123)] NtOpenThread: {Access Denied} A process has requested access to an object, but has not been granted those access rights. (0xc0000022)
[0305/223230.744:ERROR:exception_snapshot_win.cc(98)] thread ID 62388 not found in process
[0305/223230.862:ERROR:process_reader_win.cc(123)] NtOpenThread: {Access Denied} A process has requested access to an object, but has not been granted those access rights. (0xc0000022)
[0305/223230.862:ERROR:exception_snapshot_win.cc(98)] thread ID 44064 not found in process
[0305/224553.824:ERROR:process_reader_win.cc(123)] NtOpenThread: {Access Denied} A process has requested access to an object, but has not been granted those access rights. (0xc0000022)
[0305/224553.826:ERROR:exception_snapshot_win.cc(98)] thread ID 67684 not found in process
[0305/224553.829:ERROR:process_reader_win.cc(123)] NtOpenThread: {Access Denied} A process has requested access to an object, but has not been granted those access rights. (0xc0000022)
[0305/224553.830:ERROR:exception_snapshot_win.cc(98)] thread ID 63264 not found in process
[0305/224553.871:ERROR:process_reader_win.cc(123)] NtOpenThread: {Access Denied} A process has requested access to an object, but has not been granted those access rights. (0xc0000022)
[0305/224553.871:ERROR:process_reader_win.cc(123)] NtOpenThread: {Access Denied} A process has requested access to an object, but has not been granted those access rights. (0xc0000022)
[0305/224553.872:ERROR:exception_snapshot_win.cc(98)] thread ID 59652 not found in process
[0305/224553.872:ERROR:exception_snapshot_win.cc(98)] thread ID 45332 not found in process
[0305/224719.872:ERROR:process_reader_win.cc(123)] NtOpenThread: {Access Denied} A process has requested access to an object, but has not been granted those access rights. (0xc0000022)
[0305/224719.873:ERROR:exception_snapshot_win.cc(98)] thread ID 74852 not found in process
[0305/224719.907:ERROR:process_reader_win.cc(123)] NtOpenThread: {Access Denied} A process has requested access to an object, but has not been granted those access rights. (0xc0000022)
[0305/224719.908:ERROR:exception_snapshot_win.cc(98)] thread ID 38820 not found in process
[0305/235817.628:ERROR:process_reader_win.cc(123)] NtOpenThread: {Access Denied} A process has requested access to an object, but has not been granted those access rights. (0xc0000022)
[0305/235817.638:ERROR:exception_snapshot_win.cc(98)] thread ID 47116 not found in process
[0305/235817.660:ERROR:process_reader_win.cc(123)] NtOpenThread: {Access Denied} A process has requested access to an object, but has not been granted those access rights. (0xc0000022)
[0305/235817.660:ERROR:exception_snapshot_win.cc(98)] thread ID 7488 not found in process
[0306/001957.322:ERROR:process_reader_win.cc(123)] NtOpenThread: {Access Denied} A process has requested access to an object, but has not been granted those access rights. (0xc0000022)
[0306/001957.326:ERROR:exception_snapshot_win.cc(98)] thread ID 65196 not found in process
[0306/001957.362:ERROR:process_reader_win.cc(123)] NtOpenThread: {Access Denied} A process has requested access to an object, but has not been granted those access rights. (0xc0000022)
[0306/001957.363:ERROR:exception_snapshot_win.cc(98)] thread ID 86364 not found in process
[0308/182836.202:ERROR:process_reader_win.cc(123)] NtOpenThread: {Access Denied} A process has requested access to an object, but has not been granted those access rights. (0xc0000022)
[0308/182836.208:ERROR:exception_snapshot_win.cc(98)] thread ID 65804 not found in process
[0308/182836.228:ERROR:process_reader_win.cc(123)] NtOpenThread: {Access Denied} A process has requested access to an object, but has not been granted those access rights. (0xc0000022)
[0308/182836.228:ERROR:exception_snapshot_win.cc(98)] thread ID 77668 not found in process
[0308/220513.258:ERROR:process_reader_win.cc(123)] NtOpenThread: {Access Denied} A process has requested access to an object, but has not been granted those access rights. (0xc0000022)
[0308/220513.260:ERROR:exception_snapshot_win.cc(98)] thread ID 42272 not found in process
[0308/220513.279:ERROR:process_reader_win.cc(123)] NtOpenThread: {Access Denied} A process has requested access to an object, but has not been granted those access rights. (0xc0000022)
[0308/220513.281:ERROR:exception_snapshot_win.cc(98)] thread ID 82524 not found in process
[0308/225926.437:ERROR:process_reader_win.cc(123)] NtOpenThread: {Access Denied} A process has requested access to an object, but has not been granted those access rights. (0xc0000022)
[0308/225926.442:ERROR:exception_snapshot_win.cc(98)] thread ID 47220 not found in process
[0308/225926.470:ERROR:process_reader_win.cc(123)] NtOpenThread: {Access Denied} A process has requested access to an object, but has not been granted those access rights. (0xc0000022)
[0308/225926.470:ERROR:exception_snapshot_win.cc(98)] thread ID 17044 not found in process
[0308/230605.545:ERROR:process_reader_win.cc(123)] NtOpenThread: {Access Denied} A process has requested access to an object, but has not been granted those access rights. (0xc0000022)
[0308/230605.548:ERROR:exception_snapshot_win.cc(98)] thread ID 54404 not found in process
[0308/230605.588:ERROR:process_reader_win.cc(123)] NtOpenThread: {Access Denied} A process has requested access to an object, but has not been granted those access rights. (0xc0000022)
[0308/230605.588:ERROR:exception_snapshot_win.cc(98)] thread ID 68552 not found in process
[0308/231621.307:ERROR:process_reader_win.cc(123)] NtOpenThread: {Access Denied} A process has requested access to an object, but has not been granted those access rights. (0xc0000022)
[0308/231621.311:ERROR:exception_snapshot_win.cc(98)] thread ID 83832 not found in process
[0308/231621.345:ERROR:process_reader_win.cc(123)] NtOpenThread: {Access Denied} A process has requested access to an object, but has not been granted those access rights. (0xc0000022)
[0308/231621.346:ERROR:exception_snapshot_win.cc(98)] thread ID 19800 not found in process
[0308/232423.066:ERROR:process_reader_win.cc(123)] NtOpenThread: {Access Denied} A process has requested access to an object, but has not been granted those access rights. (0xc0000022)
[0308/232423.070:ERROR:exception_snapshot_win.cc(98)] thread ID 74948 not found in process
[0308/232423.106:ERROR:process_reader_win.cc(123)] NtOpenThread: {Access Denied} A process has requested access to an object, but has not been granted those access rights. (0xc0000022)
[0308/232423.106:ERROR:exception_snapshot_win.cc(98)] thread ID 69472 not found in process
[0308/232756.076:ERROR:process_reader_win.cc(123)] NtOpenThread: {Access Denied} A process has requested access to an object, but has not been granted those access rights. (0xc0000022)
[0308/232756.080:ERROR:exception_snapshot_win.cc(98)] thread ID 45468 not found in process
[0308/232756.125:ERROR:process_reader_win.cc(123)] NtOpenThread: {Access Denied} A process has requested access to an object, but has not been granted those access rights. (0xc0000022)
[0308/232756.126:ERROR:exception_snapshot_win.cc(98)] thread ID 67964 not found in process
[0308/233217.719:ERROR:process_reader_win.cc(123)] NtOpenThread: {Access Denied} A process has requested access to an object, but has not been granted those access rights. (0xc0000022)
[0308/233217.725:ERROR:exception_snapshot_win.cc(98)] thread ID 73868 not found in process
[0308/233217.754:ERROR:process_reader_win.cc(123)] NtOpenThread: {Access Denied} A process has requested access to an object, but has not been granted those access rights. (0xc0000022)
[0308/233217.754:ERROR:exception_snapshot_win.cc(98)] thread ID 5168 not found in process
[0308/233457.605:ERROR:process_reader_win.cc(123)] NtOpenThread: {Access Denied} A process has requested access to an object, but has not been granted those access rights. (0xc0000022)
[0308/233457.606:ERROR:exception_snapshot_win.cc(98)] thread ID 38124 not found in process
[0308/233457.643:ERROR:process_reader_win.cc(123)] NtOpenThread: {Access Denied} A process has requested access to an object, but has not been granted those access rights. (0xc0000022)
[0308/233457.643:ERROR:exception_snapshot_win.cc(98)] thread ID 15764 not found in process
[0308/233924.406:ERROR:process_reader_win.cc(123)] NtOpenThread: {Access Denied} A process has requested access to an object, but has not been granted those access rights. (0xc0000022)
[0308/233924.407:ERROR:exception_snapshot_win.cc(98)] thread ID 60532 not found in process
[0308/233924.427:ERROR:process_reader_win.cc(123)] NtOpenThread: {Access Denied} A process has requested access to an object, but has not been granted those access rights. (0xc0000022)
[0308/233924.428:ERROR:exception_snapshot_win.cc(98)] thread ID 49860 not found in process
[0308/234437.089:ERROR:process_reader_win.cc(123)] NtOpenThread: {Access Denied} A process has requested access to an object, but has not been granted those access rights. (0xc0000022)
[0308/234437.094:ERROR:exception_snapshot_win.cc(98)] thread ID 43004 not found in process
[0308/234437.126:ERROR:process_reader_win.cc(123)] NtOpenThread: {Access Denied} A process has requested access to an object, but has not been granted those access rights. (0xc0000022)
[0308/234437.126:ERROR:exception_snapshot_win.cc(98)] thread ID 48072 not found in process
[0308/235110.113:ERROR:process_reader_win.cc(123)] NtOpenThread: {Access Denied} A process has requested access to an object, but has not been granted those access rights. (0xc0000022)
[0308/235110.116:ERROR:exception_snapshot_win.cc(98)] thread ID 31504 not found in process
[0308/235110.149:ERROR:process_reader_win.cc(123)] NtOpenThread: {Access Denied} A process has requested access to an object, but has not been granted those access rights. (0xc0000022)
[0308/235110.151:ERROR:exception_snapshot_win.cc(98)] thread ID 86280 not found in process
[0308/235231.114:ERROR:process_reader_win.cc(123)] NtOpenThread: {Access Denied} A process has requested access to an object, but has not been granted those access rights. (0xc0000022)
[0308/235231.122:ERROR:exception_snapshot_win.cc(98)] thread ID 28312 not found in process
[0308/235231.159:ERROR:process_reader_win.cc(123)] NtOpenThread: {Access Denied} A process has requested access to an object, but has not been granted those access rights. (0xc0000022)
[0308/235231.159:ERROR:exception_snapshot_win.cc(98)] thread ID 41336 not found in process
[0308/235508.200:ERROR:process_reader_win.cc(123)] NtOpenThread: {Access Denied} A process has requested access to an object, but has not been granted those access rights. (0xc0000022)
[0308/235508.200:ERROR:process_reader_win.cc(123)] NtOpenThread: {Access Denied} A process has requested access to an object, but has not been granted those access rights. (0xc0000022)
[0308/235508.201:ERROR:exception_snapshot_win.cc(98)] thread ID 15792 not found in process
[0308/235508.201:ERROR:exception_snapshot_win.cc(98)] thread ID 24616 not found in process
[0308/235508.238:ERROR:process_reader_win.cc(123)] NtOpenThread: {Access Denied} A process has requested access to an object, but has not been granted those access rights. (0xc0000022)
[0308/235508.238:ERROR:exception_snapshot_win.cc(98)] thread ID 81524 not found in process
[0309/000627.635:ERROR:process_reader_win.cc(123)] NtOpenThread: {Access Denied} A process has requested access to an object, but has not been granted those access rights. (0xc0000022)
[0309/000627.637:ERROR:exception_snapshot_win.cc(98)] thread ID 17120 not found in process
[0309/000627.668:ERROR:process_reader_win.cc(123)] NtOpenThread: {Access Denied} A process has requested access to an object, but has not been granted those access rights. (0xc0000022)
[0309/000627.669:ERROR:exception_snapshot_win.cc(98)] thread ID 72304 not found in process
[0309/000902.547:ERROR:process_reader_win.cc(123)] NtOpenThread: {Access Denied} A process has requested access to an object, but has not been granted those access rights. (0xc0000022)
[0309/000902.549:ERROR:exception_snapshot_win.cc(98)] thread ID 57232 not found in process
[0309/000902.578:ERROR:process_reader_win.cc(123)] NtOpenThread: {Access Denied} A process has requested access to an object, but has not been granted those access rights. (0xc0000022)
[0309/000902.578:ERROR:exception_snapshot_win.cc(98)] thread ID 46144 not found in process
[0309/001026.202:ERROR:process_reader_win.cc(123)] NtOpenThread: {Access Denied} A process has requested access to an object, but has not been granted those access rights. (0xc0000022)
[0309/001026.205:ERROR:exception_snapshot_win.cc(98)] thread ID 34204 not found in process
[0309/001026.224:ERROR:process_reader_win.cc(123)] NtOpenThread: {Access Denied} A process has requested access to an object, but has not been granted those access rights. (0xc0000022)
[0309/001026.224:ERROR:exception_snapshot_win.cc(98)] thread ID 32436 not found in process
[0309/001350.150:ERROR:process_reader_win.cc(123)] NtOpenThread: {Access Denied} A process has requested access to an object, but has not been granted those access rights. (0xc0000022)
[0309/001350.151:ERROR:exception_snapshot_win.cc(98)] thread ID 18336 not found in process
[0309/001350.177:ERROR:process_reader_win.cc(123)] NtOpenThread: {Access Denied} A process has requested access to an object, but has not been granted those access rights. (0xc0000022)
[0309/001350.177:ERROR:exception_snapshot_win.cc(98)] thread ID 55044 not found in process
[0309/001524.265:ERROR:process_reader_win.cc(123)] NtOpenThread: {Access Denied} A process has requested access to an object, but has not been granted those access rights. (0xc0000022)
[0309/001524.267:ERROR:exception_snapshot_win.cc(98)] thread ID 46280 not found in process
[0309/001524.266:ERROR:process_reader_win.cc(123)] NtOpenThread: {Access Denied} A process has requested access to an object, but has not been granted those access rights. (0xc0000022)
[0309/001524.267:ERROR:exception_snapshot_win.cc(98)] thread ID 46016 not found in process
[0309/001524.303:ERROR:process_reader_win.cc(123)] NtOpenThread: {Access Denied} A process has requested access to an object, but has not been granted those access rights. (0xc0000022)
[0309/001524.303:ERROR:exception_snapshot_win.cc(98)] thread ID 33828 not found in process
[0309/001714.214:ERROR:process_reader_win.cc(123)] NtOpenThread: {Access Denied} A process has requested access to an object, but has not been granted those access rights. (0xc0000022)
[0309/001714.216:ERROR:exception_snapshot_win.cc(98)] thread ID 76100 not found in process
[0309/001714.219:ERROR:process_reader_win.cc(123)] NtOpenThread: {Access Denied} A process has requested access to an object, but has not been granted those access rights. (0xc0000022)
[0309/001714.220:ERROR:exception_snapshot_win.cc(98)] thread ID 46712 not found in process
[0309/001714.243:ERROR:process_reader_win.cc(123)] NtOpenThread: {Access Denied} A process has requested access to an object, but has not been granted those access rights. (0xc0000022)
[0309/001714.243:ERROR:exception_snapshot_win.cc(98)] thread ID 44012 not found in process
[0309/001944.680:ERROR:process_reader_win.cc(123)] NtOpenThread: {Access Denied} A process has requested access to an object, but has not been granted those access rights. (0xc0000022)
[0309/001944.681:ERROR:exception_snapshot_win.cc(98)] thread ID 54204 not found in process
[0309/001944.684:ERROR:process_reader_win.cc(123)] NtOpenThread: {Access Denied} A process has requested access to an object, but has not been granted those access rights. (0xc0000022)
[0309/001944.684:ERROR:exception_snapshot_win.cc(98)] thread ID 75628 not found in process
[0309/001944.704:ERROR:process_reader_win.cc(123)] NtOpenThread: {Access Denied} A process has requested access to an object, but has not been granted those access rights. (0xc0000022)
[0309/001944.705:ERROR:exception_snapshot_win.cc(98)] thread ID 49552 not found in process
[0309/002020.300:ERROR:process_reader_win.cc(123)] NtOpenThread: {Access Denied} A process has requested access to an object, but has not been granted those access rights. (0xc0000022)
[0309/002020.300:ERROR:process_reader_win.cc(123)] NtOpenThread: {Access Denied} A process has requested access to an object, but has not been granted those access rights. (0xc0000022)
[0309/002020.301:ERROR:exception_snapshot_win.cc(98)] thread ID 43200 not found in process
[0309/002020.301:ERROR:exception_snapshot_win.cc(98)] thread ID 7260 not found in process
[0309/002020.341:ERROR:process_reader_win.cc(123)] NtOpenThread: {Access Denied} A process has requested access to an object, but has not been granted those access rights. (0xc0000022)
[0309/002020.342:ERROR:exception_snapshot_win.cc(98)] thread ID 65472 not found in process
[0309/002322.403:ERROR:process_reader_win.cc(123)] NtOpenThread: {Access Denied} A process has requested access to an object, but has not been granted those access rights. (0xc0000022)
[0309/002322.410:ERROR:exception_snapshot_win.cc(98)] thread ID 36672 not found in process
[0309/002322.471:ERROR:process_reader_win.cc(123)] NtOpenThread: {Access Denied} A process has requested access to an object, but has not been granted those access rights. (0xc0000022)
[0309/002322.471:ERROR:exception_snapshot_win.cc(98)] thread ID 31672 not found in process
[0309/002903.039:ERROR:process_reader_win.cc(123)] NtOpenThread: {Access Denied} A process has requested access to an object, but has not been granted those access rights. (0xc0000022)
[0309/002903.041:ERROR:exception_snapshot_win.cc(98)] thread ID 36668 not found in process
[0309/002903.041:ERROR:process_reader_win.cc(123)] NtOpenThread: {Access Denied} A process has requested access to an object, but has not been granted those access rights. (0xc0000022)
[0309/002903.043:ERROR:exception_snapshot_win.cc(98)] thread ID 11236 not found in process
[0309/002903.064:ERROR:process_reader_win.cc(123)] NtOpenThread: {Access Denied} A process has requested access to an object, but has not been granted those access rights. (0xc0000022)
[0309/002903.065:ERROR:exception_snapshot_win.cc(98)] thread ID 2680 not found in process
[0309/002903.089:ERROR:process_reader_win.cc(123)] NtOpenThread: {Access Denied} A process has requested access to an object, but has not been granted those access rights. (0xc0000022)
[0309/002903.089:ERROR:exception_snapshot_win.cc(98)] thread ID 3856 not found in process
[0309/002903.091:ERROR:process_reader_win.cc(123)] NtOpenThread: {Access Denied} A process has requested access to an object, but has not been granted those access rights. (0xc0000022)
[0309/002903.091:ERROR:exception_snapshot_win.cc(98)] thread ID 52880 not found in process
[0405/015827.344:ERROR:process_reader_win.cc(123)] NtOpenThread: {Access Denied} A process has requested access to an object, but has not been granted those access rights. (0xc0000022)
[0405/015827.348:ERROR:exception_snapshot_win.cc(98)] thread ID 14732 not found in process
[0405/015827.372:ERROR:process_reader_win.cc(123)] NtOpenThread: {Access Denied} A process has requested access to an object, but has not been granted those access rights. (0xc0000022)
[0405/015827.372:ERROR:exception_snapshot_win.cc(98)] thread ID 6372 not found in process
[0405/020306.410:ERROR:process_reader_win.cc(123)] NtOpenThread: {Access Denied} A process has requested access to an object, but has not been granted those access rights. (0xc0000022)
[0405/020306.393:ERROR:process_reader_win.cc(123)] NtOpenThread: {Access Denied} A process has requested access to an object, but has not been granted those access rights. (0xc0000022)
[0405/020306.460:ERROR:exception_snapshot_win.cc(98)] thread ID 5000 not found in process
[0405/020306.460:ERROR:exception_snapshot_win.cc(98)] thread ID 17900 not found in process
[0405/021020.639:ERROR:process_reader_win.cc(123)] NtOpenThread: {Access Denied} A process has requested access to an object, but has not been granted those access rights. (0xc0000022)
[0405/021020.645:ERROR:exception_snapshot_win.cc(98)] thread ID 20620 not found in process
[0405/021020.645:ERROR:process_reader_win.cc(123)] NtOpenThread: {Access Denied} A process has requested access to an object, but has not been granted those access rights. (0xc0000022)
[0405/021020.646:ERROR:exception_snapshot_win.cc(98)] thread ID 19564 not found in process
[0405/021020.662:ERROR:process_reader_win.cc(123)] NtOpenThread: {Access Denied} A process has requested access to an object, but has not been granted those access rights. (0xc0000022)
[0405/021020.662:ERROR:exception_snapshot_win.cc(98)] thread ID 1876 not found in process
[0408/200601.964:ERROR:process_reader_win.cc(123)] NtOpenThread: {Access Denied} A process has requested access to an object, but has not been granted those access rights. (0xc0000022)
[0408/200601.967:ERROR:exception_snapshot_win.cc(98)] thread ID 13896 not found in process
[0408/200601.978:ERROR:process_reader_win.cc(123)] NtOpenThread: {Access Denied} A process has requested access to an object, but has not been granted those access rights. (0xc0000022)
[0408/200601.978:ERROR:exception_snapshot_win.cc(98)] thread ID 15568 not found in process
[0408/200756.882:ERROR:process_reader_win.cc(123)] NtOpenThread: {Access Denied} A process has requested access to an object, but has not been granted those access rights. (0xc0000022)
[0408/200756.886:ERROR:exception_snapshot_win.cc(98)] thread ID 21068 not found in process
[0408/200756.913:ERROR:process_reader_win.cc(123)] NtOpenThread: {Access Denied} A process has requested access to an object, but has not been granted those access rights. (0xc0000022)
[0408/200756.913:ERROR:exception_snapshot_win.cc(98)] thread ID 23072 not found in process
[0412/171112.560:ERROR:process_reader_win.cc(123)] NtOpenThread: {Access Denied} A process has requested access to an object, but has not been granted those access rights. (0xc0000022)
[0412/171112.565:ERROR:exception_snapshot_win.cc(98)] thread ID 24380 not found in process
[0412/171112.624:ERROR:process_reader_win.cc(123)] NtOpenThread: {Access Denied} A process has requested access to an object, but has not been granted those access rights. (0xc0000022)
[0412/171112.625:ERROR:exception_snapshot_win.cc(98)] thread ID 3208 not found in process
[0412/194413.454:ERROR:process_reader_win.cc(123)] NtOpenThread: {Access Denied} A process has requested access to an object, but has not been granted those access rights. (0xc0000022)
[0412/194413.458:ERROR:exception_snapshot_win.cc(98)] thread ID 24360 not found in process
[0412/194413.484:ERROR:process_reader_win.cc(123)] NtOpenThread: {Access Denied} A process has requested access to an object, but has not been granted those access rights. (0xc0000022)
[0412/194413.484:ERROR:exception_snapshot_win.cc(98)] thread ID 25924 not found in process
[0412/194614.718:ERROR:process_reader_win.cc(123)] NtOpenThread: {Access Denied} A process has requested access to an object, but has not been granted those access rights. (0xc0000022)
[0412/194614.720:ERROR:exception_snapshot_win.cc(98)] thread ID 14060 not found in process
[0412/194614.744:ERROR:process_reader_win.cc(123)] NtOpenThread: {Access Denied} A process has requested access to an object, but has not been granted those access rights. (0xc0000022)
[0412/194614.744:ERROR:exception_snapshot_win.cc(98)] thread ID 21952 not found in process
[0419/024913.923:ERROR:process_reader_win.cc(123)] NtOpenThread: {アクセス拒否} プロセスはオブジェクトのアクセスを要求しましたが、アクセス権が与えられていません。 (0xc0000022)
[0419/024913.916:ERROR:process_reader_win.cc(123)] NtOpenThread: {アクセス拒否} プロセスはオブジェクトのアクセスを要求しましたが、アクセス権が与えられていません。 (0xc0000022)
[0419/024913.944:ERROR:exception_snapshot_win.cc(98)] thread ID 18256 not found in process
[0419/024913.944:ERROR:exception_snapshot_win.cc(98)] thread ID 20172 not found in process
[0419/025149.096:ERROR:process_reader_win.cc(123)] NtOpenThread: {アクセス拒否} プロセスはオブジェクトのアクセスを要求しましたが、アクセス権が与えられていません。 (0xc0000022)
[0419/025149.101:ERROR:exception_snapshot_win.cc(98)] thread ID 9056 not found in process
[0419/025149.120:ERROR:process_reader_win.cc(123)] NtOpenThread: {アクセス拒否} プロセスはオブジェクトのアクセスを要求しましたが、アクセス権が与えられていません。 (0xc0000022)
[0419/025149.121:ERROR:exception_snapshot_win.cc(98)] thread ID 2636 not found in process
[0419/131346.193:ERROR:process_reader_win.cc(123)] NtOpenThread: {アクセス拒否} プロセスはオブジェクトのアクセスを要求しましたが、アクセス権が与えられていません。 (0xc0000022)
[0419/131346.198:ERROR:exception_snapshot_win.cc(98)] thread ID 1468 not found in process
[0419/131346.219:ERROR:process_reader_win.cc(123)] NtOpenThread: {アクセス拒否} プロセスはオブジェクトのアクセスを要求しましたが、アクセス権が与えられていません。 (0xc0000022)
[0419/131346.219:ERROR:exception_snapshot_win.cc(98)] thread ID 22428 not found in process
[0421/181419.200:ERROR:process_reader_win.cc(123)] NtOpenThread: {アクセス拒否} プロセスはオブジェクトのアクセスを要求しましたが、アクセス権が与えられていません。 (0xc0000022)
[0421/181419.227:ERROR:exception_snapshot_win.cc(98)] thread ID 16908 not found in process
[0421/181419.358:ERROR:process_reader_win.cc(123)] NtOpenThread: {アクセス拒否} プロセスはオブジェクトのアクセスを要求しましたが、アクセス権が与えられていません。 (0xc0000022)
[0421/181419.358:ERROR:exception_snapshot_win.cc(98)] thread ID 9032 not found in process
[0421/201326.731:ERROR:process_reader_win.cc(123)] NtOpenThread: {Access Denied} A process has requested access to an object, but has not been granted those access rights. (0xc0000022)
[0421/201326.739:ERROR:exception_snapshot_win.cc(98)] thread ID 4340 not found in process
[0421/201326.794:ERROR:process_reader_win.cc(123)] NtOpenThread: {Access Denied} A process has requested access to an object, but has not been granted those access rights. (0xc0000022)
[0421/201326.794:ERROR:exception_snapshot_win.cc(98)] thread ID 11808 not found in process
[0421/212411.892:ERROR:process_reader_win.cc(123)] NtOpenThread: {Access Denied} A process has requested access to an object, but has not been granted those access rights. (0xc0000022)
[0421/212411.894:ERROR:exception_snapshot_win.cc(98)] thread ID 12948 not found in process
[0421/212411.963:ERROR:process_reader_win.cc(123)] NtOpenThread: {Access Denied} A process has requested access to an object, but has not been granted those access rights. (0xc0000022)
[0421/212411.964:ERROR:exception_snapshot_win.cc(98)] thread ID 16744 not found in process
[0421/212753.310:ERROR:process_reader_win.cc(123)] NtOpenThread: {Access Denied} A process has requested access to an object, but has not been granted those access rights. (0xc0000022)
[0421/212753.312:ERROR:exception_snapshot_win.cc(98)] thread ID 13348 not found in process
[0421/212753.373:ERROR:process_reader_win.cc(123)] NtOpenThread: {Access Denied} A process has requested access to an object, but has not been granted those access rights. (0xc0000022)
[0421/212753.374:ERROR:exception_snapshot_win.cc(98)] thread ID 16968 not found in process
[0421/212847.532:ERROR:process_reader_win.cc(123)] NtOpenThread: {Access Denied} A process has requested access to an object, but has not been granted those access rights. (0xc0000022)
[0421/212847.532:ERROR:exception_snapshot_win.cc(98)] thread ID 10252 not found in process
[0421/212847.595:ERROR:process_reader_win.cc(123)] NtOpenThread: {Access Denied} A process has requested access to an object, but has not been granted those access rights. (0xc0000022)
[0421/212847.595:ERROR:exception_snapshot_win.cc(98)] thread ID 14948 not found in process
[0421/213204.065:ERROR:process_reader_win.cc(123)] NtOpenThread: {Access Denied} A process has requested access to an object, but has not been granted those access rights. (0xc0000022)
[0421/213204.070:ERROR:exception_snapshot_win.cc(98)] thread ID 12992 not found in process
[0421/213204.136:ERROR:process_reader_win.cc(123)] NtOpenThread: {Access Denied} A process has requested access to an object, but has not been granted those access rights. (0xc0000022)
[0421/213204.136:ERROR:exception_snapshot_win.cc(98)] thread ID 13384 not found in process
[0421/215554.967:ERROR:process_reader_win.cc(123)] NtOpenThread: {Access Denied} A process has requested access to an object, but has not been granted those access rights. (0xc0000022)
[0421/215554.994:ERROR:exception_snapshot_win.cc(98)] thread ID 1696 not found in process
[0421/215555.034:ERROR:process_reader_win.cc(123)] NtOpenThread: {Access Denied} A process has requested access to an object, but has not been granted those access rights. (0xc0000022)
[0421/215555.035:ERROR:exception_snapshot_win.cc(98)] thread ID 15304 not found in process
[0423/000101.286:ERROR:process_reader_win.cc(123)] NtOpenThread: {Access Denied} A process has requested access to an object, but has not been granted those access rights. (0xc0000022)
[0423/000101.306:ERROR:exception_snapshot_win.cc(98)] thread ID 22168 not found in process
[0423/000101.365:ERROR:process_reader_win.cc(123)] NtOpenThread: {Access Denied} A process has requested access to an object, but has not been granted those access rights. (0xc0000022)
[0423/000101.365:ERROR:exception_snapshot_win.cc(98)] thread ID 6360 not found in process
[0511/000126.250:ERROR:process_reader_win.cc(123)] NtOpenThread: {Access Denied} A process has requested access to an object, but has not been granted those access rights. (0xc0000022)
[0511/000126.256:ERROR:exception_snapshot_win.cc(98)] thread ID 17264 not found in process
[0511/000126.278:ERROR:process_reader_win.cc(123)] NtOpenThread: {Access Denied} A process has requested access to an object, but has not been granted those access rights. (0xc0000022)
[0511/000126.278:ERROR:exception_snapshot_win.cc(98)] thread ID 17228 not found in process
